<?xml version="1.0" encoding="utf-8"?><testsuites><testsuite name="pytest" errors="0" failures="0" skipped="0" tests="9" time="110.478" timestamp="2023-04-12T04:49:50.864664" hostname="4c603dbacd0f"><testcase classname="tests.test_cli" name="test_face_normal_default" time="27.794" /><testcase classname="tests.test_cli" name="test_finger_normal_default" time="3.456" /><testcase classname="tests.test_cli" name="test_iris_normal_default" time="5.120" /><testcase classname="tests.test_cli" name="test_face_single" time="23.657" /><testcase classname="tests.test_cli" name="test_face_limit" time="6.477" /><testcase classname="tests.test_cli" name="test_filter_combine" time="4.686" /><testcase classname="tests.test_cli" name="test_filter_standalone" time="4.252" /><testcase classname="tests.test_cli" name="test_speech_single" time="25.064" /><testcase classname="tests.test_cli" name="test_speech_batch" time="8.409" /></testsuite></testsuites>