<?xml version="1.0" encoding="utf-8"?><testsuites><testsuite name="pytest" errors="0" failures="0" skipped="0" tests="9" time="108.092" timestamp="2023-06-09T02:46:40.776771" hostname="6c36a8148fed"><testcase classname="tests.test_cli" name="test_face_normal_default" time="25.929" /><testcase classname="tests.test_cli" name="test_finger_normal_default" time="3.047" /><testcase classname="tests.test_cli" name="test_iris_normal_default" time="3.978" /><testcase classname="tests.test_cli" name="test_face_single" time="22.045" /><testcase classname="tests.test_cli" name="test_face_limit" time="4.839" /><testcase classname="tests.test_cli" name="test_filter_combine" time="3.748" /><testcase classname="tests.test_cli" name="test_filter_standalone" time="3.665" /><testcase classname="tests.test_cli" name="test_speech_single" time="24.405" /><testcase classname="tests.test_cli" name="test_speech_batch" time="14.639" /></testsuite></testsuites>